[10:46:47] [ServerMain/WARN]: [oshi.util.platform.windows.PerfDataUtil] Failed to add PDH Counter: \Paging File(_Total)\% Usage, Error code: 0xC0000BB8
[10:46:47] [ServerMain/WARN]: [oshi.util.platform.windows.PerfCounterQueryHandler] Failed to add counter for PDH counter: \Paging File(_Total)\% Usage
[10:46:47] [ServerMain/WARN]: [oshi.util.platform.windows.PerfCounterQuery] Disabling further attempts to query Paging File.
[10:46:53] [ServerMain/WARN]: [oshi.util.platform.windows.WmiQueryHandler] COM exception: Invalid Query: SELECT PERCENTUSAGE FROM Win32_PerfRawData_PerfOS_PagingFile
[10:46:58] [ServerMain/INFO]: Environment: authHost='https://authserver.mojang.com', accountsHost='https://api.mojang.com', sessionHost='https://sessionserver.mojang.com', servicesHost='https://api.minecraftservices.com', name='PROD'
[10:47:00] [ServerMain/INFO]: Loaded 7 recipes
[10:47:01] [Server thread/INFO]: Starting minecraft server version 1.19.4
[10:47:01] [Server thread/INFO]: Loading properties
[10:47:01] [Server thread/INFO]: This server is running Paper version git-Paper-482 (MC: 1.19.4) (Implementing API version 1.19.4-R0.1-SNAPSHOT) (Git: bf92f3e)
[10:47:01] [Server thread/INFO]: Using 4 threads for Netty based IO
[10:47:01] [Server thread/INFO]: Server Ping Player Sample Count: 12
[10:47:01] [Server thread/WARN]: [!] The timings profiler has been enabled but has been scheduled for removal from Paper in the future.
    We recommend installing the spark profiler as a replacement: https://spark.lucko.me/
    For more information please visit: https://github.com/PaperMC/Paper/issues/8948
[10:47:01] [Server thread/INFO]: [ChunkTaskScheduler] Chunk system is using 1 I/O threads, 1 worker threads, and gen parallelism of 1 threads
[10:47:02] [Server thread/INFO]: Default game type: SURVIVAL
[10:47:02] [Server thread/INFO]: Generating keypair
[10:47:02] [Server thread/INFO]: Starting Minecraft server on 0.0.0.0:25565
[10:47:02] [Server thread/INFO]: Using default channel type
[10:47:02] [Server thread/INFO]: Paper: Using Java compression from Velocity.
[10:47:02] [Server thread/INFO]: Paper: Using Java cipher from Velocity.
[10:47:02] [Server thread/INFO]: [ViaVersion] Loading server plugin ViaVersion v4.6.2
[10:47:02] [Server thread/INFO]: [ViaVersion] ViaVersion 4.6.2 is now loaded. Registering protocol transformers and injecting...
[10:47:03] [Server thread/INFO]: [ViaBackwards] Loading translations...
[10:47:03] [Server thread/INFO]: [ViaBackwards] Registering protocols...
[10:47:03] [Via-Mappingloader-0/INFO]: [ViaVersion] Loading block connection mappings ...
[10:47:03] [Server thread/INFO]: [ViaBackwards] Loading server plugin ViaBackwards v4.6.1
[10:47:03] [Server thread/INFO]: Server permissions file permissions.yml is empty, ignoring it
[10:47:03] [Server thread/WARN]: **** SERVER IS RUNNING IN OFFLINE/INSECURE MODE!
[10:47:03] [Server thread/WARN]: The server will make no attempt to authenticate usernames. Beware.
[10:47:03] [Server thread/WARN]: Whilst this makes it possible to use Velocity, unless access to your server is properly restricted, it also opens up the ability for hackers to connect with any username they choose.
[10:47:03] [Server thread/WARN]: Please see https://docs.papermc.io/velocity/security for further information.
[10:47:03] [Server thread/WARN]: To change this, set "online-mode" to "true" in the server.properties file.
[10:47:03] [Server thread/INFO]: Preparing level "world"
[10:47:04] [Server thread/INFO]: Preparing start region for dimension minecraft:overworld
[10:47:04] [Via-Mappingloader-0/INFO]: [ViaVersion] Using FastUtil Long2ObjectOpenHashMap for block connections
[10:47:04] [Server thread/INFO]: Time elapsed: 89 ms
[10:47:04] [Server thread/INFO]: Preparing start region for dimension minecraft:the_nether
[10:47:04] [Server thread/INFO]: Time elapsed: 30 ms
[10:47:04] [Server thread/INFO]: Preparing start region for dimension minecraft:the_end
[10:47:04] [Server thread/INFO]: Time elapsed: 22 ms
[10:47:04] [Server thread/INFO]: [ViaVersion] Enabling ViaVersion v4.6.2
[10:47:04] [Server thread/INFO]: [ViaVersion] ViaVersion detected server version: 1.19.4 (762)
[10:47:04] [Server thread/INFO]: [ViaBackwards] Enabling ViaBackwards v4.6.1
[10:47:04] [Server thread/INFO]: Running delayed init tasks
[10:47:04] [Server thread/INFO]: Done (3.053s)! For help, type "help"
[10:47:04] [Server thread/INFO]: Timings Reset
[10:47:04] [Craft Scheduler Thread - 2 - ViaVersion/INFO]: [ViaVersion] Finished mapping loading, shutting down loader executor!
[10:47:31] [User Authenticator #0/INFO]: UUID of player tem4ik1003 is c1168eb5-0d1a-3aef-bb6f-cd3602202d5c
[10:47:31] [Server thread/INFO]: tem4ik1003 joined the game
[10:47:31] [Server thread/INFO]: tem4ik1003[/192.168.56.1:58077] logged in with entity id 82 at ([world]183.38344431314403, 62.0, -748.5162059275367)
[10:47:31] [Netty Server IO #1/WARN]: [ViaBackwards] Custom worlds heights are NOT SUPPORTED for 1.16 players and older and may lead to errors!
[10:47:31] [Netty Server IO #1/WARN]: [ViaBackwards] You have min/max set to -64/256
[19:42:29] [Server thread/INFO]: tem4ik1003 lost connection: Timed out
[19:42:30] [Server thread/INFO]: tem4ik1003 left the game
[19:42:30] [Server thread/WARN]: Can't keep up! Is the server overloaded? Running 32005955ms or 640119 ticks behind
